2023-06-22T02:44:39.230Z In(05) vmx Log for VMware Player pid=1944 version=17.0.1 build=build-21139696 option=Release
2023-06-22T02:44:39.230Z In(05) vmx The host is x86_64.
2023-06-22T02:44:39.230Z In(05) vmx Host codepage=windows-1252 encoding=windows-1252
2023-06-22T02:44:39.230Z In(05) vmx Host is Windows 10 Pro, 64-bit (Build 19044.3086)
2023-06-22T02:44:39.230Z In(05) vmx Host offset from UTC is +05:00.
2023-06-22T02:44:39.214Z In(05) vmx VTHREAD 22120 "vmx"
2023-06-22T02:44:39.216Z In(05) vmx LOCALE windows-1252 -> NULL User=1009 System=409
2023-06-22T02:44:39.216Z In(05) vmx Msg_SetLocaleEx: HostLocale=windows-1252 UserLocale=NULL
2023-06-22T02:44:39.221Z In(05) vmx DictionaryLoad: Cannot open file "C:\Users\Will\AppData\Roaming\VMware\config.ini": The system cannot find the file specified.
2023-06-22T02:44:39.221Z In(05) vmx Msg_Reset:
2023-06-22T02:44:39.221Z In(05) vmx [msg.dictionary.load.openFailed] Cannot open file "C:\Users\Will\AppData\Roaming\VMware\config.ini": The system cannot find the file specified.
2023-06-22T02:44:39.221Z In(05) vmx ----------------------------------------
2023-06-22T02:44:39.221Z In(05) vmx ConfigDB: Failed to load C:\Users\Will\AppData\Roaming\VMware\config.ini
2023-06-22T02:44:39.222Z In(05) vmx Win32U_GetFileAttributes: GetFileAttributesExW("C:\Users\Will\Desktop\AerOS\Tools\VMWare\vmware_mach.vmpl", ...) failed, error: 2
2023-06-22T02:44:39.222Z In(05) vmx OBJLIB-LIB: Objlib initialized.
2023-06-22T02:44:39.223Z In(05) vmx DictionaryLoad: Cannot open file "C:\ProgramData\VMware\VMware Player\config.ini": The system cannot find the file specified.
2023-06-22T02:44:39.223Z In(05) vmx [msg.dictionary.load.openFailed] Cannot open file "C:\ProgramData\VMware\VMware Player\config.ini": The system cannot find the file specified.
2023-06-22T02:44:39.223Z In(05) vmx PREF Optional preferences file not found at C:\ProgramData\VMware\VMware Player\config.ini. Using default values.
2023-06-22T02:44:39.224Z In(05) vmx DictionaryLoad: Cannot open file "C:\ProgramData\VMware\VMware Player\settings.ini": The system cannot find the file specified.
2023-06-22T02:44:39.224Z In(05) vmx [msg.dictionary.load.openFailed] Cannot open file "C:\ProgramData\VMware\VMware Player\settings.ini": The system cannot find the file specified.
2023-06-22T02:44:39.224Z In(05) vmx PREF Optional preferences file not found at C:\ProgramData\VMware\VMware Player\settings.ini. Using default values.
2023-06-22T02:44:39.224Z In(05) vmx DictionaryLoad: Cannot open file "C:\ProgramData\VMware\VMware Player\config.ini": The system cannot find the file specified.
2023-06-22T02:44:39.224Z In(05) vmx [msg.dictionary.load.openFailed] Cannot open file "C:\ProgramData\VMware\VMware Player\config.ini": The system cannot find the file specified.
2023-06-22T02:44:39.224Z In(05) vmx PREF Optional preferences file not found at C:\ProgramData\VMware\VMware Player\config.ini. Using default values.
2023-06-22T02:44:39.224Z In(05) vmx DictionaryLoad: Cannot open file "C:\Users\Will\AppData\Roaming\VMware\config.ini": The system cannot find the file specified.
2023-06-22T02:44:39.224Z In(05) vmx [msg.dictionary.load.openFailed] Cannot open file "C:\Users\Will\AppData\Roaming\VMware\config.ini": The system cannot find the file specified.
2023-06-22T02:44:39.224Z In(05) vmx PREF Optional preferences file not found at C:\Users\Will\AppData\Roaming\VMware\config.ini. Using default values.
2023-06-22T02:44:39.227Z In(05) vmx lib/ssl: OpenSSL using RAND_OpenSSL for RAND
2023-06-22T02:44:39.227Z In(05) vmx lib/ssl: protocol list tls1.2
2023-06-22T02:44:39.227Z In(05) vmx lib/ssl: protocol list tls1.2 (openssl flags 0x36000000)
2023-06-22T02:44:39.227Z In(05) vmx lib/ssl: cipher list ECDHE+AESGCM:RSA+AESGCM:ECDHE+AES:RSA+AES
2023-06-22T02:44:39.227Z In(05) vmx lib/ssl: curves list prime256v1:secp384r1:secp521r1
2023-06-22T02:44:39.233Z In(05) vmx Hostname=GAMING-PC
2023-06-22T02:44:39.237Z In(05) vmx IP=fe80::6b44:4d1d:74ce:1f48%18
2023-06-22T02:44:39.237Z In(05) vmx IP=fe80::f7b5:354b:f570:733a%22
2023-06-22T02:44:39.237Z In(05) vmx IP=fe80::515d:6824:41ce:f42d%16
2023-06-22T02:44:39.237Z In(05) vmx IP=fe80::9d7c:5e80:cc44:4a38%6
2023-06-22T02:44:39.237Z In(05) vmx IP=192.168.56.1
2023-06-22T02:44:39.237Z In(05) vmx IP=192.168.70.1
2023-06-22T02:44:39.237Z In(05) vmx IP=192.168.50.1
2023-06-22T02:44:39.237Z In(05) vmx IP=10.10.11.115
2023-06-22T02:44:39.258Z In(05) vmx System uptime 474161878836 us
2023-06-22T02:44:39.258Z In(05) vmx Command line: "C:\Program Files (x86)\VMware\VMware Player\x64\vmware-vmx.exe" "-T" "querytoken" "-ssnapshot.numRollingTiers=0" "-sRemoteDisplay.vnc.enabled=FALSE" "-s" "vmx.stdio.keep=TRUE" "-#" "product=4;name=VMware Player;version=17.0.1;buildnumber=21139696;licensename=VMware Player;licenseversion=17.0;" "-@" "pipe=\\.\pipe\vmxe199b3ebe9308743;msgs=ui" "C:\Users\Will\Desktop\AerOS\Tools\VMWare\vmware_mach.vmx"
2023-06-22T02:44:39.258Z In(05) vmx Msg_SetLocaleEx: HostLocale=windows-1252 UserLocale=NULL
2023-06-22T02:44:39.286Z In(05) vmx WQPoolAllocPoll : pollIx = 1, signalHandle = 804
2023-06-22T02:44:39.286Z In(05) vmx WQPoolAllocPoll : pollIx = 2, signalHandle = 812
2023-06-22T02:44:39.286Z In(05) vmx VigorTransport listening on fd 736
2023-06-22T02:44:39.286Z In(05) vmx Vigor_Init 1
2023-06-22T02:44:39.287Z In(05) vmx Connecting 'ui' to pipe '\\.\pipe\vmxe199b3ebe9308743' with user '(null)'
2023-06-22T02:44:39.287Z In(05) vmx VMXVmdb: Local connection timeout: 60000 ms.
2023-06-22T02:44:39.302Z In(05) vmx VmdbAddConnection: cnxPath=/db/connection/#1/, cnxIx=1
2023-06-22T02:44:39.302Z In(05) vmx Vix: [mainDispatch.c:488]: VMAutomation: Initializing VMAutomation.
2023-06-22T02:44:39.302Z In(05) vmx Vix: [mainDispatch.c:740]: VMAutomationOpenListenerSocket() listening
2023-06-22T02:44:39.307Z In(05) vmx Vix: [mainDispatch.c:4213]: VMAutomation_ReportPowerOpFinished: statevar=0, newAppState=1870, success=1 additionalError=0
2023-06-22T02:44:39.307Z In(05) vmx Transitioned vmx/execState/val to poweredOff
2023-06-22T02:44:39.307Z In(05) vmx Vix: [mainDispatch.c:4213]: VMAutomation_ReportPowerOpFinished: statevar=1, newAppState=1873, success=1 additionalError=0
2023-06-22T02:44:39.307Z In(05) vmx Vix: [mainDispatch.c:4213]: VMAutomation_ReportPowerOpFinished: statevar=2, newAppState=1877, success=1 additionalError=0
2023-06-22T02:44:39.307Z In(05) vmx Vix: [mainDispatch.c:4213]: VMAutomation_ReportPowerOpFinished: statevar=3, newAppState=1881, success=1 additionalError=0
2023-06-22T02:44:39.307Z In(05) vmx IOPL_Init: Hyper-V detected by CPUID
2023-06-22T02:44:39.308Z In(05) vmx IOCTL_VMX86_SET_MEMORY_PARAMS already set
2023-06-22T02:44:39.309Z In(05) vmx FeatureCompat: No EVC masks.
2023-06-22T02:44:39.328Z In(05) vmx hostCPUID vendor: GenuineIntel
2023-06-22T02:44:39.328Z In(05) vmx hostCPUID family: 0x6 model: 0x5e stepping: 0x3
2023-06-22T02:44:39.328Z In(05) vmx hostCPUID codename: Skylake-S
2023-06-22T02:44:39.328Z In(05) vmx hostCPUID name: Intel(R) Core(TM) i5-6500 CPU @ 3.20GHz
2023-06-22T02:44:39.328Z In(05) vmx hostCPUID level 00000000, 0: 0x00000016 0x756e6547 0x6c65746e 0x49656e69
2023-06-22T02:44:39.328Z In(05) vmx hostCPUID level 00000001, 0: 0x000506e3 0x00100800 0xfedaf387 0xbfebfbff
2023-06-22T02:44:39.328Z In(05) vmx hostCPUID level 00000002, 0: 0x76036301 0x00f0b6ff 0x00000000 0x00c30000
2023-06-22T02:44:39.328Z In(05) vmx hostCPUID level 00000003, 0: 0x00000000 0x00000000 0x00000000 0x00000000
2023-06-22T02:44:39.328Z In(05) vmx hostCPUID level 00000004, 0: 0x1c004121 0x01c0003f 0x0000003f 0x00000000
2023-06-22T02:44:39.328Z In(05) vmx hostCPUID level 00000004, 1: 0x1c004122 0x01c0003f 0x0000003f 0x00000000
2023-06-22T02:44:39.328Z In(05) vmx hostCPUID level 00000004, 2: 0x1c004143 0x00c0003f 0x000003ff 0x00000000
2023-06-22T02:44:39.328Z In(05) vmx hostCPUID level 00000004, 3: 0x1c03c163 0x02c0003f 0x00001fff 0x00000002
2023-06-22T02:44:39.328Z In(05) vmx hostCPUID level 00000004, 4: 0x00000000 0x00000000 0x00000000 0x00000000
2023-06-22T02:44:39.328Z In(05) vmx hostCPUID level 00000005, 0: 0x00000000 0x00000000 0x00000000 0x00000000
2023-06-22T02:44:39.328Z In(05) vmx hostCPUID level 00000006, 0: 0x000007f1 0x00000002 0x00000001 0x00000000
2023-06-22T02:44:39.329Z In(05) vmx hostCPUID level 00000007, 0: 0x00000000 0x009c6fbb 0x00000000 0xbc000400
2023-06-22T02:44:39.329Z In(05) vmx hostCPUID level 00000008, 0: 0x00000000 0x00000000 0x00000000 0x00000000
2023-06-22T02:44:39.329Z In(05) vmx hostCPUID level 00000009, 0: 0x00000000 0x00000000 0x00000000 0x00000000
2023-06-22T02:44:39.329Z In(05) vmx hostCPUID level 0000000a, 0: 0x07300804 0x00000000 0x00000000 0x00000603
2023-06-22T02:44:39.329Z In(05) vmx hostCPUID level 0000000b, 0: 0x00000001 0x00000001 0x00000100 0x00000000
2023-06-22T02:44:39.329Z In(05) vmx hostCPUID level 0000000b, 1: 0x00000004 0x00000004 0x00000201 0x00000000
2023-06-22T02:44:39.329Z In(05) vmx hostCPUID level 0000000b, 2: 0x00000000 0x00000000 0x00000002 0x00000000
2023-06-22T02:44:39.329Z In(05) vmx hostCPUID level 0000000c, 0: 0x00000000 0x00000000 0x00000000 0x00000000
2023-06-22T02:44:39.329Z In(05) vmx hostCPUID level 0000000d, 0: 0x0000001f 0x00000440 0x00000440 0x00000000
2023-06-22T02:44:39.329Z In(05) vmx hostCPUID level 0000000d, 1: 0x0000000f 0x000003c0 0x00000000 0x00000000
2023-06-22T02:44:39.329Z In(05) vmx hostCPUID level 0000000d, 2: 0x00000100 0x00000240 0x00000000 0x00000000
2023-06-22T02:44:39.329Z In(05) vmx hostCPUID level 0000000d, 3: 0x00000040 0x000003c0 0x00000000 0x00000000
2023-06-22T02:44:39.329Z In(05) vmx hostCPUID level 0000000d, 4: 0x00000040 0x00000400 0x00000000 0x00000000
2023-06-22T02:44:39.329Z In(05) vmx hostCPUID level 0000000e, 0: 0x00000000 0x00000000 0x00000000 0x00000000
2023-06-22T02:44:39.329Z In(05) vmx hostCPUID level 0000000f, 0: 0x00000000 0x00000000 0x00000000 0x00000000
2023-06-22T02:44:39.329Z In(05) vmx hostCPUID level 0000000f, 1: 0x00000000 0x00000000 0x00000000 0x00000000
2023-06-22T02:44:39.329Z In(05) vmx hostCPUID level 00000010, 0: 0x00000000 0x00000000 0x00000000 0x00000000
2023-06-22T02:44:39.329Z In(05) vmx hostCPUID level 00000010, 1: 0x00000000 0x00000000 0x00000000 0x00000000
2023-06-22T02:44:39.329Z In(05) vmx hostCPUID level 00000010, 2: 0x00000000 0x00000000 0x00000000 0x00000000
2023-06-22T02:44:39.329Z In(05) vmx hostCPUID level 00000010, 3: 0x00000000 0x00000000 0x00000000 0x00000000
2023-06-22T02:44:39.329Z In(05) vmx hostCPUID level 00000011, 0: 0x00000000 0x00000000 0x00000000 0x00000000
2023-06-22T02:44:39.329Z In(05) vmx hostCPUID level 00000012, 0: 0x00000000 0x00000000 0x00000000 0x00000000
2023-06-22T02:44:39.329Z In(05) vmx hostCPUID level 00000012, 1: 0x00000000 0x00000000 0x00000000 0x00000000
2023-06-22T02:44:39.329Z In(05) vmx hostCPUID level 00000012, 2: 0x00000000 0x00000000 0x00000000 0x00000000
2023-06-22T02:44:39.329Z In(05) vmx hostCPUID level 00000012, 3: 0x00000000 0x00000000 0x00000000 0x00000000
2023-06-22T02:44:39.329Z In(05) vmx hostCPUID level 00000013, 0: 0x00000000 0x00000000 0x00000000 0x00000000
2023-06-22T02:44:39.329Z In(05) vmx hostCPUID level 00000014, 0: 0x00000001 0x0000000f 0x00000003 0x00000000
2023-06-22T02:44:39.329Z In(05) vmx hostCPUID level 00000014, 1: 0x02490002 0x003f3fff 0x00000000 0x00000000
2023-06-22T02:44:39.329Z In(05) vmx hostCPUID level 00000015, 0: 0x00000002 0x0000010a 0x00000000 0x00000000
2023-06-22T02:44:39.329Z In(05) vmx hostCPUID level 00000016, 0: 0x00000000 0x00000000 0x00000000 0x00000000
2023-06-22T02:44:39.329Z In(05) vmx hostCPUID level 40000000, 0: 0x4000000b 0x7263694d 0x666f736f 0x76482074
2023-06-22T02:44:39.329Z In(05) vmx hostCPUID level 40000001, 0: 0x31237648 0x00000000 0x00000000 0x00000000
2023-06-22T02:44:39.329Z In(05) vmx hostCPUID level 40000002, 0: 0x00004a61 0x000a0000 0x00000003 0x00000c0e
2023-06-22T02:44:39.329Z In(05) vmx hostCPUID level 40000003, 0: 0x00003fff 0x002bb9ff 0x00000002 0x3cfffbf6
2023-06-22T02:44:39.329Z In(05) vmx hostCPUID level 40000004, 0: 0x00062d1c 0x00000000 0x0000002e 0x00000000
2023-06-22T02:44:39.329Z In(05) vmx hostCPUID level 40000005, 0: 0x00000400 0x00000400 0x00000324 0x00000000
2023-06-22T02:44:39.329Z In(05) vmx hostCPUID level 40000006, 0: 0x0072000f 0x00000000 0x00000000 0x00000000
2023-06-22T02:44:39.329Z In(05) vmx hostCPUID level 40000007, 0: 0x80000007 0x00000003 0x00000000 0x00000000
2023-06-22T02:44:39.329Z In(05) vmx hostCPUID level 40000008, 0: 0x00000000 0x00000000 0x00000000 0x00000000
2023-06-22T02:44:39.329Z In(05) vmx hostCPUID level 40000009, 0: 0x00000000 0x00000000 0x00000000 0x00000000
2023-06-22T02:44:39.329Z In(05) vmx hostCPUID level 4000000a, 0: 0x00000000 0x00000000 0x00000000 0x00000000
2023-06-22T02:44:39.329Z In(05) vmx hostCPUID level 4000000b, 0: 0x001ff002 0x00000000 0x00000000 0x00000000
2023-06-22T02:44:39.329Z In(05) vmx hostCPUID level 80000000, 0: 0x80000008 0x00000000 0x00000000 0x00000000
2023-06-22T02:44:39.329Z In(05) vmx hostCPUID level 80000001, 0: 0x00000000 0x00000000 0x00000121 0x2c100800
2023-06-22T02:44:39.329Z In(05) vmx hostCPUID level 80000002, 0: 0x65746e49 0x2952286c 0x726f4320 0x4d542865
2023-06-22T02:44:39.329Z In(05) vmx hostCPUID level 80000003, 0: 0x35692029 0x3035362d 0x50432030 0x20402055
2023-06-22T02:44:39.329Z In(05) vmx hostCPUID level 80000004, 0: 0x30322e33 0x007a4847 0x00000000 0x00000000
2023-06-22T02:44:39.329Z In(05) vmx hostCPUID level 80000005, 0: 0x00000000 0x00000000 0x00000000 0x00000000
2023-06-22T02:44:39.329Z In(05) vmx hostCPUID level 80000006, 0: 0x00000000 0x00000000 0x01006040 0x00000000
2023-06-22T02:44:39.329Z In(05) vmx hostCPUID level 80000007, 0: 0x00000000 0x00000000 0x00000000 0x00000100
2023-06-22T02:44:39.329Z In(05) vmx hostCPUID level 80000008, 0: 0x00003027 0x00000000 0x00000000 0x00000000
2023-06-22T02:44:39.329Z In(05) vmx CPUID differences from hostCPUID.
2023-06-22T02:44:39.329Z In(05) vmx Physical APIC IDs: 0,2,4,6
2023-06-22T02:44:39.329Z In(05) vmx Common: MSR       0x3a =                  0
2023-06-22T02:44:39.329Z In(05) vmx Common: MSR      0x480 =                  0
2023-06-22T02:44:39.329Z In(05) vmx Common: MSR      0x481 =                  0
2023-06-22T02:44:39.329Z In(05) vmx Common: MSR      0x482 =                  0
2023-06-22T02:44:39.329Z In(05) vmx Common: MSR      0x483 =                  0
2023-06-22T02:44:39.329Z In(05) vmx Common: MSR      0x484 =                  0
2023-06-22T02:44:39.329Z In(05) vmx Common: MSR      0x485 =                  0
2023-06-22T02:44:39.329Z In(05) vmx Common: MSR      0x486 =                  0
2023-06-22T02:44:39.329Z In(05) vmx Common: MSR      0x487 =                  0
2023-06-22T02:44:39.329Z In(05) vmx Common: MSR      0x488 =                  0
2023-06-22T02:44:39.329Z In(05) vmx Common: MSR      0x489 =                  0
2023-06-22T02:44:39.329Z In(05) vmx Common: MSR      0x48a =                  0
2023-06-22T02:44:39.329Z In(05) vmx Common: MSR      0x48b =                  0
2023-06-22T02:44:39.329Z In(05) vmx Common: MSR      0x48c =                  0
2023-06-22T02:44:39.329Z In(05) vmx Common: MSR      0x48d =                  0
2023-06-22T02:44:39.329Z In(05) vmx Common: MSR      0x48e =                  0
2023-06-22T02:44:39.329Z In(05) vmx Common: MSR      0x48f =                  0
2023-06-22T02:44:39.329Z In(05) vmx Common: MSR      0x490 =                  0
2023-06-22T02:44:39.329Z In(05) vmx Common: MSR      0x491 =                  0
2023-06-22T02:44:39.329Z In(05) vmx Common: MSR      0x492 =                  0
2023-06-22T02:44:39.329Z In(05) vmx Common: MSR 0xc0010114 =                  0
2023-06-22T02:44:39.329Z In(05) vmx Common: MSR       0xce =         0x80000000
2023-06-22T02:44:39.329Z In(05) vmx Common: MSR      0x10a =                0x4
2023-06-22T02:44:39.329Z In(05) vmx Common: MSR      0x122 =                  0
2023-06-22T02:44:39.329Z In(05) vmx TSC Hz estimates: vmmon 0, remembered 0, osReported 0. Using 3191998816 Hz.
2023-06-22T02:44:39.329Z In(05) vmx PTSC: RefClockToPTSC 0 @ 10000000Hz -> 0 @ 3191998816Hz
2023-06-22T02:44:39.329Z In(05) vmx PTSC: RefClockToPTSC ((x * 2677642680) >> 23) + -1513524384826209
2023-06-22T02:44:39.329Z In(05) vmx PTSC: tscOffset 0
2023-06-22T02:44:39.329Z In(05) vmx PTSC: using reference clock
2023-06-22T02:44:39.329Z In(05) vmx PTSC: hardware TSCs are synchronized.
2023-06-22T02:44:39.329Z In(05) vmx PTSC: hardware TSCs may have been adjusted by the host.
2023-06-22T02:44:39.329Z In(05) vmx PTSC: current PTSC=489652
2023-06-22T02:44:39.338Z In(05) vmx WQPoolAllocPoll : pollIx = 3, signalHandle = 880
2023-06-22T02:44:39.377Z In(05) vmx ConfigCheck: No rules file found. Checks are disabled.
2023-06-22T02:44:39.377Z In(05) vmx changing directory to C:\Users\Will\Desktop\AerOS\Tools\VMWare\.
2023-06-22T02:44:39.377Z In(05) vmx Config file: C:\Users\Will\Desktop\AerOS\Tools\VMWare\vmware_mach.vmx
2023-06-22T02:44:39.377Z In(05) vmx Vix: [mainDispatch.c:4213]: VMAutomation_ReportPowerOpFinished: statevar=1, newAppState=1875, success=1 additionalError=0
2023-06-22T02:44:39.377Z In(05) vmx Vix: [mainDispatch.c:4213]: VMAutomation_ReportPowerOpFinished: statevar=2, newAppState=1878, success=1 additionalError=0
2023-06-22T02:44:39.409Z Wa(03) vmx PowerOn
2023-06-22T02:44:39.409Z In(05) vmx VMX_PowerOn: VMX build 21139696, UI build 21139696
2023-06-22T02:44:39.409Z In(05) vmx HostWin32: WIN32 NUMA node 0, CPU mask 0x000000000000000f
2023-06-22T02:44:39.414Z In(05) vmx Vix: [mainDispatch.c:4213]: VMAutomation_ReportPowerOpFinished: statevar=0, newAppState=1871, success=1 additionalError=0
2023-06-22T02:44:39.417Z In(05) vmx VMXSTATS: Successfully created statsfile: vmware_mach.scoreboard
2023-06-22T02:44:39.417Z In(05) vmx VMXSTATS: Update Product Information: VMware Player	17.0.1	build-21139696	Release  TotalBlockSize: 64
2023-06-22T02:44:39.417Z In(05) vmx HOST Windows version 10.0, build 19044, platform 2, ""
2023-06-22T02:44:39.417Z In(05) vmx DICT --- GLOBAL SETTINGS C:\ProgramData\VMware\VMware Player\settings.ini
2023-06-22T02:44:39.417Z In(05) vmx DICT --- NON PERSISTENT (null)
2023-06-22T02:44:39.417Z In(05) vmx DICT --- USER PREFERENCES C:\Users\Will\AppData\Roaming\VMware\preferences.ini
2023-06-22T02:44:39.417Z In(05) vmx DICT pref.keyboardAndMouse.vmHotKey.enabled = "FALSE"
2023-06-22T02:44:39.417Z In(05) vmx DICT pref.keyboardAndMouse.vmHotKey.count = "0"
2023-06-22T02:44:39.417Z In(05) vmx DICT pref.vmplayer.firstRunDismissedVersion = "17.0.1"
2023-06-22T02:44:39.417Z In(05) vmx DICT      pref.mruVM0.filename = "C:\Users\Will\Desktop\AerOS\Tools\VMWare\vmware_mach.vmx"
2023-06-22T02:44:39.417Z In(05) vmx DICT   pref.mruVM0.displayName = "AerOS"
2023-06-22T02:44:39.417Z In(05) vmx DICT         pref.mruVM0.index = "0"
2023-06-22T02:44:39.417Z In(05) vmx DICT hint.loader.mitigations.wsAndFusion = "FALSE"
2023-06-22T02:44:39.417Z In(05) vmx DICT             hints.hideAll = "FALSE"
2023-06-22T02:44:39.417Z In(05) vmx DICT vmWizard.isoLocationMRU.count = "10"
2023-06-22T02:44:39.417Z In(05) vmx DICT vmWizard.isoLocationMRU0.location = "C:\Users\Will\Downloads\linuxmint-21.1-cinnamon-64bit.iso"
2023-06-22T02:44:39.417Z In(05) vmx DICT vmWizard.isoLocationMRU1.location = "C:\Users\Will\Downloads\MSDN Visual Studio NET 2003 - Enterprise Architect (Disc 2)(Disc 2083)(May 2003)(X09-51499)\MSDN Visual Studio NET 2003 - Enterprise Architect (Disc 2)(Disc 2083)(May 2003)(X09-51499).ISO"
2023-06-22T02:44:39.417Z In(05) vmx DICT      pref.mruVM1.filename = "C:\Users\Will\Desktop\NAPALM_OS\Images\VMWare\vmware_mach.vmx"
2023-06-22T02:44:39.417Z In(05) vmx DICT   pref.mruVM1.displayName = "NapalmOS"
2023-06-22T02:44:39.417Z In(05) vmx DICT         pref.mruVM1.index = "1"
2023-06-22T02:44:39.417Z In(05) vmx DICT         vmWizard.guestKey = "ubuntu"
2023-06-22T02:44:39.417Z In(05) vmx DICT vmWizard.installMediaType = "later"
2023-06-22T02:44:39.417Z In(05) vmx DICT      pref.mruVM2.filename = "C:\Users\Will\Documents\Virtual Machines\WindowsXP\WindowsXP.vmx"
2023-06-22T02:44:39.417Z In(05) vmx DICT   pref.mruVM2.displayName = "WindowsXP"
2023-06-22T02:44:39.417Z In(05) vmx DICT         pref.mruVM2.index = "2"
2023-06-22T02:44:39.417Z In(05) vmx DICT      pref.mruVM3.filename = "C:\Users\Will\Desktop\REDSHIFT\build\tools\vmware\vmware_mach.vmx"
2023-06-22T02:44:39.417Z In(05) vmx DICT   pref.mruVM3.displayName = "RedshiftOS"
2023-06-22T02:44:39.417Z In(05) vmx DICT         pref.mruVM3.index = "3"
2023-06-22T02:44:39.417Z In(05) vmx DICT      pref.mruVM4.filename = "C:\Users\Will\Documents\Virtual Machines\Ubuntu\Ubuntu.vmx"
2023-06-22T02:44:39.417Z In(05) vmx DICT   pref.mruVM4.displayName = "Ubuntu"
2023-06-22T02:44:39.417Z In(05) vmx DICT         pref.mruVM4.index = "4"
2023-06-22T02:44:39.417Z In(05) vmx DICT vmWizard.isoLocationMRU2.location = "C:\Users\Will\Downloads\MSDN Visual Studio NET 2003 - Enterprise Architect (Disc 1)(Disc 2082)(May 2003)(X09-51498)\MSDN Visual Studio NET 2003 - Enterprise Architect (Disc 1)(Disc 2082)(May 2003)(X09-51498).ISO"
2023-06-22T02:44:39.417Z In(05) vmx DICT pref.vmplayer.fullscreen.autohide = "TRUE"
2023-06-22T02:44:39.417Z In(05) vmx DICT vmWizard.isoLocationMRU3.location = "C:\Users\Will\Downloads\Microsoft Visual Studio .NET 2003 Professional - Disc 2.iso"
2023-06-22T02:44:39.417Z In(05) vmx DICT vmWizard.isoLocationMRU4.location = "C:\Users\Will\Downloads\Microsoft Visual Studio .NET 2003 Professional - Disc 1.iso"
2023-06-22T02:44:39.417Z In(05) vmx DICT vmWizard.isoLocationMRU5.location = "C:\Users\Will\Downloads\Microsoft Visual Studio .NET 2003 Prerequisites.iso"
2023-06-22T02:44:39.417Z In(05) vmx DICT vmWizard.isoLocationMRU6.location = "C:\Users\Will\Downloads\en_windows_xp_professional_with_service_pack_3_x86_cd_vl_x14-73974.iso"
2023-06-22T02:44:39.417Z In(05) vmx DICT vmWizard.isoLocationMRU7.location = "C:\Users\Will\Downloads\2003-05_X09-46364_X09-17449_VSPROD1\image\VSPROD1.mds"
2023-06-22T02:44:39.417Z In(05) vmx DICT vmWizard.isoLocationMRU8.location = "C:\Users\Will\Downloads\2003-05_X09-46364_X09-17449_VSPROD1\image\VSPROD1.mdf"
2023-06-22T02:44:39.417Z In(05) vmx DICT vmWizard.isoLocationMRU9.location = "C:\Users\Will\Downloads\ThunderBird OS Beta 1.0.iso"
2023-06-22T02:44:39.417Z In(05) vmx DICT      pref.mruVM5.filename = "C:\Users\Will\Documents\Virtual Machines\TestOS\TestOS.vmx"
2023-06-22T02:44:39.417Z In(05) vmx DICT   pref.mruVM5.displayName = "TestOS"
2023-06-22T02:44:39.417Z In(05) vmx DICT         pref.mruVM5.index = "5"
2023-06-22T02:44:39.417Z In(05) vmx DICT             pref.ui.theme = "dark"
2023-06-22T02:44:39.417Z In(05) vmx DICT      pref.mruVM6.filename = "C:\Users\Will\AppData\Roaming\Cosmos User Kit\Build\VMware\Workstation\Debug.vmx"
2023-06-22T02:44:39.417Z In(05) vmx DICT   pref.mruVM6.displayName = "Cosmos"
2023-06-22T02:44:39.417Z In(05) vmx DICT         pref.mruVM6.index = "6"
2023-06-22T02:44:39.417Z In(05) vmx DICT --- USER DEFAULTS C:\Users\Will\AppData\Roaming\VMware\config.ini
2023-06-22T02:44:39.417Z In(05) vmx DICT --- HOST DEFAULTS C:\ProgramData\VMware\VMware Player\config.ini
2023-06-22T02:44:39.417Z In(05) vmx DICT --- SITE DEFAULTS C:\ProgramData\VMware\VMware Player\config.ini
2023-06-22T02:44:39.417Z In(05) vmx DICT --- NONPERSISTENT
2023-06-22T02:44:39.417Z In(05) vmx DICT  snapshot.numRollingTiers = "0"
2023-06-22T02:44:39.417Z In(05) vmx DICT RemoteDisplay.vnc.enabled = "FALSE"
2023-06-22T02:44:39.417Z In(05) vmx DICT            vmx.stdio.keep = "TRUE"
2023-06-22T02:44:39.417Z In(05) vmx DICT             gui.available = "TRUE"
2023-06-22T02:44:39.417Z In(05) vmx DICT --- COMMAND LINE
2023-06-22T02:44:39.417Z In(05) vmx DICT  snapshot.numRollingTiers = "0"
2023-06-22T02:44:39.417Z In(05) vmx DICT RemoteDisplay.vnc.enabled = "FALSE"
2023-06-22T02:44:39.417Z In(05) vmx DICT            vmx.stdio.keep = "TRUE"
2023-06-22T02:44:39.417Z In(05) vmx DICT             gui.available = "TRUE"
2023-06-22T02:44:39.417Z In(05) vmx DICT --- RECORDING
2023-06-22T02:44:39.417Z In(05) vmx DICT  snapshot.numRollingTiers = "0"
2023-06-22T02:44:39.417Z In(05) vmx DICT RemoteDisplay.vnc.enabled = "FALSE"
2023-06-22T02:44:39.417Z In(05) vmx DICT            vmx.stdio.keep = "TRUE"
2023-06-22T02:44:39.417Z In(05) vmx DICT             gui.available = "TRUE"
2023-06-22T02:44:39.417Z In(05) vmx DICT --- CONFIGURATION C:\Users\Will\Desktop\AerOS\Tools\VMWare\vmware_mach.vmx 
2023-06-22T02:44:39.417Z In(05) vmx DICT            config.version = "8"
2023-06-22T02:44:39.417Z In(05) vmx DICT         virtualHW.version = "20"
2023-06-22T02:44:39.417Z In(05) vmx DICT        pciBridge0.present = "TRUE"
2023-06-22T02:44:39.417Z In(05) vmx DICT        pciBridge4.present = "TRUE"
2023-06-22T02:44:39.417Z In(05) vmx DICT     pciBridge4.virtualDev = "pcieRootPort"
2023-06-22T02:44:39.417Z In(05) vmx DICT      pciBridge4.functions = "8"
2023-06-22T02:44:39.417Z In(05) vmx DICT        pciBridge5.present = "TRUE"
2023-06-22T02:44:39.417Z In(05) vmx DICT     pciBridge5.virtualDev = "pcieRootPort"
2023-06-22T02:44:39.417Z In(05) vmx DICT      pciBridge5.functions = "8"
2023-06-22T02:44:39.417Z In(05) vmx DICT        pciBridge6.present = "TRUE"
2023-06-22T02:44:39.417Z In(05) vmx DICT     pciBridge6.virtualDev = "pcieRootPort"
2023-06-22T02:44:39.417Z In(05) vmx DICT      pciBridge6.functions = "8"
2023-06-22T02:44:39.417Z In(05) vmx DICT        pciBridge7.present = "TRUE"
2023-06-22T02:44:39.417Z In(05) vmx DICT     pciBridge7.virtualDev = "pcieRootPort"
2023-06-22T02:44:39.417Z In(05) vmx DICT      pciBridge7.functions = "8"
2023-06-22T02:44:39.417Z In(05) vmx DICT             vmci0.present = "TRUE"
2023-06-22T02:44:39.417Z In(05) vmx DICT             hpet0.present = "TRUE"
2023-06-22T02:44:39.417Z In(05) vmx DICT                     nvram = "AerOS.nvram"
2023-06-22T02:44:39.417Z In(05) vmx DICT virtualHW.productCompatibility = "hosted"
2023-06-22T02:44:39.417Z In(05) vmx DICT          gui.exitOnCLIHLT = "FALSE"
2023-06-22T02:44:39.417Z In(05) vmx DICT        powerType.powerOff = "soft"
2023-06-22T02:44:39.417Z In(05) vmx DICT         powerType.powerOn = "soft"
2023-06-22T02:44:39.417Z In(05) vmx DICT         powerType.suspend = "soft"
2023-06-22T02:44:39.417Z In(05) vmx DICT           powerType.reset = "soft"
2023-06-22T02:44:39.417Z In(05) vmx DICT               displayName = "AerOS"
2023-06-22T02:44:39.417Z In(05) vmx DICT                   guestOS = "other"
2023-06-22T02:44:39.417Z In(05) vmx DICT            tools.syncTime = "FALSE"
2023-06-22T02:44:39.417Z In(05) vmx DICT          sound.autoDetect = "TRUE"
2023-06-22T02:44:39.417Z In(05) vmx DICT            sound.fileName = "-1"
2023-06-22T02:44:39.417Z In(05) vmx DICT             sound.present = "TRUE"
2023-06-22T02:44:39.417Z In(05) vmx DICT      cpuid.coresPerSocket = "1"
2023-06-22T02:44:39.417Z In(05) vmx DICT                   memsize = "768"
2023-06-22T02:44:39.417Z In(05) vmx DICT           ide1:1.fileName = "AerOS.vmdk"
2023-06-22T02:44:39.417Z In(05) vmx DICT            ide1:1.present = "TRUE"
2023-06-22T02:44:39.417Z In(05) vmx DICT         ide1:0.deviceType = "cdrom-image"
2023-06-22T02:44:39.417Z In(05) vmx DICT           ide1:0.fileName = "../../Images/AerOS.iso"
2023-06-22T02:44:39.417Z In(05) vmx DICT            ide1:0.present = "TRUE"
2023-06-22T02:44:39.417Z In(05) vmx DICT  ethernet0.connectionType = "nat"
2023-06-22T02:44:39.417Z In(05) vmx DICT     ethernet0.addressType = "generated"
2023-06-22T02:44:39.417Z In(05) vmx DICT         ethernet0.present = "TRUE"
2023-06-22T02:44:39.417Z In(05) vmx DICT           floppy0.present = "FALSE"
2023-06-22T02:44:39.417Z In(05) vmx DICT           serial0.present = "TRUE"
2023-06-22T02:44:39.417Z In(05) vmx DICT          serial0.fileType = "pipe"
2023-06-22T02:44:39.417Z In(05) vmx DICT          serial0.fileName = "\\.\pipe\AerOS"
2023-06-22T02:44:39.417Z In(05) vmx DICT     serial0.pipe.endPoint = "client"
2023-06-22T02:44:39.417Z In(05) vmx DICT       serial0.tryNoRxLoss = "TRUE"
2023-06-22T02:44:39.417Z In(05) vmx DICT      numa.autosize.cookie = "10012"
2023-06-22T02:44:39.417Z In(05) vmx DICT numa.autosize.vcpu.maxPerVirtualNode = "1"
2023-06-22T02:44:39.417Z In(05) vmx DICT                 uuid.bios = "56 4d 7c 72 5a 1a 1a 26-af 37 57 ab cd 25 d3 bf"
2023-06-22T02:44:39.417Z In(05) vmx DICT             uuid.location = "56 4d 7c 72 5a 1a 1a 26-af 37 57 ab cd 25 d3 bf"
2023-06-22T02:44:39.417Z In(05) vmx DICT  pciBridge0.pciSlotNumber = "17"
2023-06-22T02:44:39.417Z In(05) vmx DICT  pciBridge4.pciSlotNumber = "21"
2023-06-22T02:44:39.417Z In(05) vmx DICT  pciBridge5.pciSlotNumber = "22"
2023-06-22T02:44:39.417Z In(05) vmx DICT  pciBridge6.pciSlotNumber = "23"
2023-06-22T02:44:39.417Z In(05) vmx DICT  pciBridge7.pciSlotNumber = "24"
2023-06-22T02:44:39.418Z In(05) vmx DICT   ethernet0.pciSlotNumber = "32"
2023-06-22T02:44:39.418Z In(05) vmx DICT       sound.pciSlotNumber = "33"
2023-06-22T02:44:39.418Z In(05) vmx DICT             svga.vramSize = "268435456"
2023-06-22T02:44:39.418Z In(05) vmx DICT  vmotion.checkpointFBSize = "134217728"
2023-06-22T02:44:39.418Z In(05) vmx DICT vmotion.checkpointSVGAPrimarySize = "268435456"
2023-06-22T02:44:39.418Z In(05) vmx DICT   vmotion.svga.mobMaxSize = "268435456"
2023-06-22T02:44:39.418Z In(05) vmx DICT vmotion.svga.graphicsMemoryKB = "262144"
2023-06-22T02:44:39.418Z In(05) vmx DICT ethernet0.generatedAddress = "00:0c:29:25:d3:bf"
2023-06-22T02:44:39.418Z In(05) vmx DICT ethernet0.generatedAddressOffset = "0"
2023-06-22T02:44:39.418Z In(05) vmx DICT                  vmci0.id = "1929905709"
2023-06-22T02:44:39.418Z In(05) vmx DICT    monitor.phys_bits_used = "45"
2023-06-22T02:44:39.418Z In(05) vmx DICT             cleanShutdown = "TRUE"
2023-06-22T02:44:39.418Z In(05) vmx DICT              softPowerOff = "FALSE"
2023-06-22T02:44:39.418Z In(05) vmx DICT        extendedConfigFile = "vmware_mach.vmxf"
2023-06-22T02:44:39.418Z In(05) vmx DICT         vmxstats.filename = "vmware_mach.scoreboard"
2023-06-22T02:44:39.418Z In(05) vmx DICT               ide0:0.redo = ""
2023-06-22T02:44:39.418Z In(05) vmx DICT               ide1:1.redo = ""
2023-06-22T02:44:39.418Z In(05) vmx DICT        checkpoint.vmState = "vmware_mach-cbe87dea.vmss"
2023-06-22T02:44:39.418Z In(05) vmx DICT --- USER DEFAULTS C:\Users\Will\AppData\Roaming\VMware\config.ini 
2023-06-22T02:44:39.418Z In(05) vmx DICT --- HOST DEFAULTS C:\ProgramData\VMware\VMware Workstation\config.ini 
2023-06-22T02:44:39.418Z In(05) vmx DICT installerDefaults.simplifiedUI = "no"
2023-06-22T02:44:39.418Z In(05) vmx DICT installerDefaults.autoSoftwareUpdateEnabled = "no"
2023-06-22T02:44:39.418Z In(05) vmx DICT installerDefaults.autoSoftwareUpdateEnabled.epoch = "9007"
2023-06-22T02:44:39.418Z In(05) vmx DICT installerDefaults.componentDownloadEnabled = "yes"
2023-06-22T02:44:39.418Z In(05) vmx DICT installerDefaults.dataCollectionEnabled = "no"
2023-06-22T02:44:39.418Z In(05) vmx DICT installerDefaults.dataCollectionEnabled.epoch = "9007"
2023-06-22T02:44:39.418Z In(05) vmx DICT --- SITE DEFAULTS C:\ProgramData\VMware\VMware Workstation\config.ini 
2023-06-22T02:44:39.418Z In(05) vmx DICT installerDefaults.simplifiedUI = "no"
2023-06-22T02:44:39.418Z In(05) vmx DICT installerDefaults.autoSoftwareUpdateEnabled = "no"
2023-06-22T02:44:39.418Z In(05) vmx DICT installerDefaults.autoSoftwareUpdateEnabled.epoch = "9007"
2023-06-22T02:44:39.418Z In(05) vmx DICT installerDefaults.componentDownloadEnabled = "yes"
2023-06-22T02:44:39.418Z In(05) vmx DICT installerDefaults.dataCollectionEnabled = "no"
2023-06-22T02:44:39.418Z In(05) vmx DICT installerDefaults.dataCollectionEnabled.epoch = "9007"
2023-06-22T02:44:39.418Z In(05) vmx DICT --- GLOBAL SETTINGS C:\ProgramData\VMware\VMware Workstation\settings.ini 
2023-06-22T02:44:39.418Z In(05) vmx DICT          printers.enabled = "FALSE"
2023-06-22T02:44:39.418Z In(05) vmx Powering on guestOS 'other' using the configuration for 'other'.
2023-06-22T02:44:39.418Z In(05) vmx ToolsISO: open of C:\Program Files (x86)\VMware\VMware Player\isoimages_manifest.txt.sig failed: Could not find the file
2023-06-22T02:44:39.418Z In(05) vmx ToolsISO: Unable to read signature file 'C:\Program Files (x86)\VMware\VMware Player\isoimages_manifest.txt.sig', ignoring.
2023-06-22T02:44:39.419Z In(05) vmx ToolsISO: Guest 'other' not found in Tools image map file 'C:\Program Files (x86)\VMware\VMware Player\isoimages_manifest.txt'
2023-06-22T02:44:39.419Z In(05) vmx ToolsISO: Updated cached value for imageName to '(null)'.
2023-06-22T02:44:39.419Z In(05) vmx GuestOS: GuestOS_GetToolsImageName: Failed to get Tools ISO image path.
2023-06-22T02:44:39.421Z In(05) vmx DUMPER: Restoring checkpoint version 8.
2023-06-22T02:44:39.421Z In(05) vmx Checkpointed in VMware Player, 17.0.2, build-21581411, Linux Host
2023-06-22T02:44:39.421Z In(05) vmx Resuming virtual machine from C:\Users\Will\Desktop\AerOS\Tools\VMWare\vmware_mach-cbe87dea.vmss with 768 MB of memory.
2023-06-22T02:44:39.421Z In(05) vmx Vix: [mainDispatch.c:4213]: VMAutomation_ReportPowerOpFinished: statevar=1, newAppState=1873, success=1 additionalError=0
2023-06-22T02:44:39.421Z In(05) vmx DEVSWAP: GuestOS does not require LSI adapter swap.
2023-06-22T02:44:39.422Z In(05) vmx Monitor Mode: ULM
2023-06-22T02:44:39.422Z In(05) vmx MsgHint: msg.loader.mitigations.wsAndFusion
2023-06-22T02:44:39.422Z In(05)+ vmx You are running this virtual machine with side channel mitigations enabled. Side channel mitigations provide enhanced security but also lower performance.
2023-06-22T02:44:39.422Z In(05)+ vmx 
2023-06-22T02:44:39.422Z In(05)+ vmx To disable mitigations, change the side channel mitigations setting in the advanced panel of the virtual machine settings. Refer to VMware KB article 79832 at https://kb.vmware.com/s/article/79832 for more details.
2023-06-22T02:44:39.422Z In(05)+ vmx ---------------------------------------
2023-06-22T02:44:39.433Z In(05) vmx MemSched_EarlyPowerOn: balloon minGuestSize 6553 (80% of min required size 8192)
2023-06-22T02:44:39.434Z In(05) vmx OvhdMem_PowerOn: initial admission: paged   672394 nonpaged    36588 anonymous     4725
2023-06-22T02:44:39.434Z In(05) vmx VMMEM: Initial Reservation: 2787MB (MainMem=768MB)
2023-06-22T02:44:39.434Z In(05) vmx numa: Resuming from checkpoint using VPD = 1
2023-06-22T02:44:39.434Z In(05) vmx llc: maximum vcpus per LLC: 1
2023-06-22T02:44:39.434Z In(05) vmx llc: vLLC size: 1
2023-06-22T02:44:39.436Z In(05) vmx MemSched: reserved mem (in MB) min 128 max 13780 recommended 13780
2023-06-22T02:44:39.436Z In(05) vmx MemSched: pg 672394 np 36588 anon 4725 mem 196608
2023-06-22T02:44:39.479Z In(05) vmx MemSched: numvm 1 locked pages: num 0 max 3519488
2023-06-22T02:44:39.479Z In(05) vmx MemSched: locked Page Limit: host 3782573 config 3527680
2023-06-22T02:44:39.479Z In(05) vmx MemSched: minmempct 50 minalloc 0 admitted 1
2023-06-22T02:44:39.479Z In(05) PowerNotifyThread VTHREAD 26732 "PowerNotifyThread"
2023-06-22T02:44:39.479Z In(05) PowerNotifyThread PowerNotify thread is alive.
2023-06-22T02:44:39.479Z In(05) vmx VMXSTATS: Registering 1 stats: vmx.logDropChars
2023-06-22T02:44:39.479Z In(05) vmx VMXSTATS: Registering 2 stats: vmx.logBytesLogged
2023-06-22T02:44:39.479Z In(05) vmx VMXSTATS: Registering 3 stats: vmx.numTimesLogDrop
2023-06-22T02:44:39.479Z In(05) vmx LICENSE: Running unlicensed VMX (VMware Player)
2023-06-22T02:44:39.479Z In(05) vthread-19076 VTHREAD 19076 "vthread-19076"
2023-06-22T02:44:39.480Z In(05) vmx Win32U_GetFileAttributes: GetFileAttributesExW("C:\Users\Will\Desktop\AerOS\Tools\VMWare\vmware_mach.vmpl", ...) failed, error: 2
2023-06-22T02:44:39.480Z In(05) vmx PolicyVMXFindPolicyKey: policy file does not exist.
2023-06-22T02:44:39.480Z In(05) vmx Win32U_GetFileAttributes: GetFileAttributesExW("C:\Users\Will\Desktop\AerOS\Tools\VMWare\vmware_mach.vmpl", ...) failed, error: 2
2023-06-22T02:44:39.480Z In(05) vmx PolicyVMXFindPolicyKey: policy file does not exist.
2023-06-22T02:44:39.481Z In(05) vmx Host PA size: 39 bits. Guest PA size: 45 bits.
2023-06-22T02:44:39.482Z In(05) vmx ToolsISO: open of C:\Program Files (x86)\VMware\VMware Player\isoimages_manifest.txt.sig failed: Could not find the file
2023-06-22T02:44:39.482Z In(05) vmx ToolsISO: Unable to read signature file 'C:\Program Files (x86)\VMware\VMware Player\isoimages_manifest.txt.sig', ignoring.
2023-06-22T02:44:39.482Z In(05) vmx ToolsISO: Guest 'other' not found in Tools image map file 'C:\Program Files (x86)\VMware\VMware Player\isoimages_manifest.txt'
2023-06-22T02:44:39.482Z In(05) vmx ToolsISO: Updated cached value for imageName to '(null)'.
2023-06-22T02:44:39.482Z In(05) vmx GuestOS: GuestOS_GetToolsImageName: Failed to get Tools ISO image path.
2023-06-22T02:44:39.483Z In(05) deviceThread VTHREAD 20612 "deviceThread"
2023-06-22T02:44:39.483Z In(05) deviceThread Device thread is alive
2023-06-22T02:44:39.483Z In(05) vmx KHZEstimate 3191999
2023-06-22T02:44:39.483Z In(05) vmx MHZEstimate 3192
2023-06-22T02:44:39.483Z In(05) vmx NumVCPUs 1
2023-06-22T02:44:39.485Z In(05) vmx Msg_Question:
2023-06-22T02:44:39.485Z In(05) vmx [msg.uuid.altered] This virtual machine might have been moved or copied.
2023-06-22T02:44:39.485Z In(05)+ vmx In order to configure certain management and networking features, VMware Player needs to know if this virtual machine was moved or copied. 
2023-06-22T02:44:39.485Z In(05)+ vmx 
2023-06-22T02:44:39.485Z In(05)+ vmx If you don't know, answer "I Co_pied It".
2023-06-22T02:44:39.485Z In(05)+ vmx 
2023-06-22T02:44:39.485Z In(05) vmx ----------------------------------------
2023-06-22T02:44:41.789Z In(05) vmx MsgQuestion: msg.uuid.altered reply=2
2023-06-22T02:44:41.789Z In(05) vmx UUID: Writing uuid.bios value: '56 4d 0d c2 1a 52 77 41-58 41 e4 0d 58 8b 6c 39'
2023-06-22T02:44:41.789Z No(00) vmx ConfigDB: Setting uuid.bios = "56 4d 0d c2 1a 52 77 41-58 41 e4 0d 58 8b 6c 39"
2023-06-22T02:44:41.790Z In(05) vmx UUID: Writing uuid.location value: '56 4d 0d c2 1a 52 77 41-58 41 e4 0d 58 8b 6c 39'
2023-06-22T02:44:41.790Z No(00) vmx ConfigDB: Setting uuid.location = "56 4d 0d c2 1a 52 77 41-58 41 e4 0d 58 8b 6c 39"
2023-06-22T02:44:41.793Z In(05) vmx AIOGNRC: numThreads=4 ide=1, scsi=0, passthru=1
2023-06-22T02:44:41.793Z In(05) vmx WORKER: Creating new group with maxThreads=4 (4)
2023-06-22T02:44:41.793Z In(05) vmx WORKER: Creating new group with maxThreads=1 (5)
2023-06-22T02:44:41.793Z In(05) vmx MainMem: CPT Host WZ=0 PF=768 D=0
2023-06-22T02:44:41.793Z In(05) vmx MainMem: CPT PLS=1 PLR=1 BS=1 BlkP=32 Mult=4 W=50
2023-06-22T02:44:41.793Z In(05) vmx MStat: Creating Stat vm.uptime
2023-06-22T02:44:41.793Z In(05) vmx MStat: Creating Stat vm.suspendTime
2023-06-22T02:44:41.793Z In(05) vmx MStat: Creating Stat vm.powerOnTimeStamp
2023-06-22T02:44:41.793Z In(05) aioCompletion VTHREAD 5600 "aioCompletion"
2023-06-22T02:44:41.794Z In(05) vmx VMXAIOMGR: Using: simple=Compl
2023-06-22T02:44:41.797Z In(05) vmx WORKER: Creating new group with maxThreads=1 (6)
2023-06-22T02:44:41.800Z In(05) vmx WORKER: Creating new group with maxThreads=14 (20)
2023-06-22T02:44:41.801Z In(05) vmx FeatureCompat: No VM masks.
2023-06-22T02:44:41.801Z In(05) vmx TimeTracker host to guest rate conversion 7887006452 @ 3191998816Hz -> 0 @ 3191998816Hz
2023-06-22T02:44:41.801Z In(05) vmx TimeTracker host to guest rate conversion ((x * 2147483648) >> 31) + -7887006452
2023-06-22T02:44:41.801Z In(05) vmx Disabling TSC scaling since host does not support it.
2023-06-22T02:44:41.801Z In(05) vmx TSC offsetting enabled.
2023-06-22T02:44:41.801Z In(05) vmx timeTracker.globalProgressMaxAllowanceMS: 2000
2023-06-22T02:44:41.801Z In(05) vmx timeTracker.globalProgressToAllowanceNS: 1000
2023-06-22T02:44:41.801Z In(05) vmx MKS PowerOn
2023-06-22T02:44:41.805Z In(05) mks VTHREAD 19168 "mks"
2023-06-22T02:44:41.805Z In(05) mks MKS thread is alive
2023-06-22T02:44:41.806Z In(05) svga VTHREAD 14580 "svga"
2023-06-22T02:44:41.806Z In(05) svga SVGA thread is alive
2023-06-22T02:44:41.806Z In(05) mks MKS: SSE2=1, SSSE3=1, SSE4_1=1
2023-06-22T02:44:41.809Z In(05) mouse VTHREAD 5636 "mouse"
2023-06-22T02:44:41.809Z In(05) mks MKS-HookKeyboard: RegQueryValueEx(LowLevelHooksTimeout) failed: The system cannot find the file specified (2)
2023-06-22T02:44:41.810Z In(05) kbh VTHREAD 28472 "kbh"
2023-06-22T02:44:41.814Z In(05) mks MKS Win32: Registering top level window (0x380de4) to receive session change notification.
2023-06-22T02:44:41.815Z In(05) mks Current Display Settings:
2023-06-22T02:44:41.815Z In(05) mks    Display: 0 size: 1920x1080  position: (0, 0) name: \\.\DISPLAY1  
2023-06-22T02:44:41.815Z In(05) mks    Display: 1 size: 1920x1080  position: (1920, -65) name: \\.\DISPLAY2  
2023-06-22T02:44:41.816Z In(05) mks MKS Win32: MIL: 0x4000
2023-06-22T02:44:41.816Z In(05) mks MKS-RenderMain: PowerOn allowed MKSBasicOps 
2023-06-22T02:44:41.816Z In(05) mks MKS-RenderMain: ISB enabled by config
2023-06-22T02:44:41.816Z In(05) mks MKS-RenderMain: Collecting RenderOps caps from MKSBasicOps
2023-06-22T02:44:41.816Z In(05) mks MKS-RenderMain: Starting MKSBasicOps
2023-06-22T02:44:41.816Z In(05) mks MKS-RenderMain: Started MKSBasicOps
2023-06-22T02:44:41.816Z In(05) mks MKS-RenderMain: Found Full Renderer: MKSBasicOps
2023-06-22T02:44:41.816Z In(05) mks MKS-RenderMain: maxTextureSize=32768
2023-06-22T02:44:41.817Z In(05) mks KHBKL: Unable to parse keystring at: ''
2023-06-22T02:44:41.817Z In(05) mks MKSRemoteMgr: Set default display name: AerOS
2023-06-22T02:44:41.817Z In(05) mks MKSRemoteMgr: Loading VNC Configuration from VM config file
2023-06-22T02:44:41.817Z In(05) mks MKSRemoteMgr: Using default VNC keymap table "us"
2023-06-22T02:44:41.817Z In(05) vmx VLANCE: send cluster threshold is 80, size = 2 recalcInterval is 20000 us
2023-06-22T02:44:41.817Z In(05) vmx VMXNET: send cluster threshold is 80, size = 2 recalcInterval is 20000 ticks, dontClusterSize is 128
2023-06-22T02:44:41.818Z In(05) vmx Chipset version: 0x13
2023-06-22T02:44:41.819Z In(05) vmx SOUNDLIB: Creating the Wave sound backend.
2023-06-22T02:44:41.838Z No(00) vmx ConfigDB: Setting pciBridge4.pciSlotNumber = "-1"
2023-06-22T02:44:41.838Z No(00) vmx ConfigDB: Setting pciBridge5.pciSlotNumber = "-1"
2023-06-22T02:44:41.838Z No(00) vmx ConfigDB: Setting pciBridge6.pciSlotNumber = "-1"
2023-06-22T02:44:41.838Z No(00) vmx ConfigDB: Setting pciBridge7.pciSlotNumber = "-1"
2023-06-22T02:44:41.839Z No(00) vmx ConfigDB: Setting pciBridge4.pciSlotNumber = "21"
2023-06-22T02:44:41.839Z No(00) vmx ConfigDB: Setting pciBridge5.pciSlotNumber = "22"
2023-06-22T02:44:41.839Z No(00) vmx ConfigDB: Setting pciBridge6.pciSlotNumber = "23"
2023-06-22T02:44:41.839Z No(00) vmx ConfigDB: Setting pciBridge7.pciSlotNumber = "24"
2023-06-22T02:44:41.850Z In(05) vmx MigrateBusMemPrealloc: BusMem preallocation begins.
2023-06-22T02:44:41.850Z In(05) vmx MigrateBusMemPrealloc: BusMem preallocation completes.
2023-06-22T02:44:41.850Z No(00) vmx ConfigDB: Setting ide1:1.redo = ""
2023-06-22T02:44:41.850Z In(05) vmx DISK: OPEN ide1:1 'C:\Users\Will\Desktop\AerOS\Tools\VMWare\AerOS.vmdk' persistent R[]
2023-06-22T02:44:41.855Z In(05) vmx DISKLIB-LIB_MISC   : DiskLib_GetStorageBlockSizes: Failed to get storage block sizes, The virtual disk requires a feature not supported by this program.
2023-06-22T02:44:41.855Z In(05) vmx DiskGetGeometry: Reading of disk partition table
2023-06-22T02:44:41.855Z In(05) vmx DISK: Disk 'C:\Users\Will\Desktop\AerOS\Tools\VMWare\AerOS.vmdk' has UUID '60 00 c2 98 4e ac cc 07-6c 2c 76 b5 9f 2c 87 ab'
2023-06-22T02:44:41.855Z In(05) vmx DISK: OPEN 'C:\Users\Will\Desktop\AerOS\Tools\VMWare\AerOS.vmdk' Geo (7281/16/63) BIOS Geo (0/0/0)
2023-06-22T02:44:41.858Z In(05) vmx DISKUTILWIN32: DiskUtilW32IsATASSDDevice: Reported rotation rate = 1
2023-06-22T02:44:41.858Z In(05) vmx DISK: DiskConfigureVirtualSSD:  Disk 'ide1:1' identified as Virtual SSD device.
2023-06-22T02:44:41.858Z In(05) vmx DISK: Opening disks took 7 ms.
2023-06-22T02:44:41.858Z In(05) vmx VUsb powered on, but no USB controllers.
2023-06-22T02:44:41.859Z In(05) vmx SCSI DEVICE (ide1:0): Computed value of ide1:0.useBounceBuffers: default
2023-06-22T02:44:41.859Z In(05) vmx DISKUTIL: ide1:0 : capacity=0 logical sector size=2048
2023-06-22T02:44:41.859Z In(05) vmx DISKUTIL: ide1:0 : geometry=0/0/0
2023-06-22T02:44:41.859Z In(05) vmx DISKUTIL: ide1:1 : capacity=7340032 logical sector size=512
2023-06-22T02:44:41.859Z In(05) vmx SCSI DEVICE (ide1:1): Computed value of ide1:1.useBounceBuffers: default
2023-06-22T02:44:41.859Z In(05) vmx DISKUTIL: ide1:1 : capacity=7340032 logical sector size=512
2023-06-22T02:44:41.859Z In(05) vmx DISKUTIL: ide1:1 : geometry=7281/16/63
2023-06-22T02:44:41.859Z In(05) vmx SVGA-GFB: Config settings: autodetect=1, numDisplays=1, maxWidth=2560, maxHeight=1600
2023-06-22T02:44:41.859Z In(05) vmx SVGA-GFB: Desired maximum display topology: wh(6688, 5016)
2023-06-22T02:44:41.859Z In(05) vmx SVGA-GFB: Autodetected target gfbSize = 268435456
2023-06-22T02:44:41.859Z In(05) vmx SVGA-GFB: Using Initial       gfbSize = 134217728
2023-06-22T02:44:41.859Z In(05) vmx SVGA-GFB: MaxPrimaryMem      register = 268435456
2023-06-22T02:44:41.859Z In(05) vmx SVGA-GFB: Max wh(6688, 5016), number of displays: 10
2023-06-22T02:44:41.859Z In(05) vmx SVGA: SVGA DeviceLabel: svga2
2023-06-22T02:44:41.859Z No(00) vmx ConfigDB: Setting vmotion.svga.mobMaxSize = "268435456"
2023-06-22T02:44:41.859Z No(00) vmx ConfigDB: Setting vmotion.svga.graphicsMemoryKB = "262144"
2023-06-22T02:44:41.859Z In(05) vmx SVGA: mobMaxSize=268435456
2023-06-22T02:44:41.859Z In(05) vmx SVGA: graphicsMemoryKB=262144
2023-06-22T02:44:41.859Z In(05) vmx SVGA: FIFO capabilities 0x0000077f
2023-06-22T02:44:41.860Z In(05) vmx SVGAFeature renderer (before clamping) svga.supports3D bool 0
2023-06-22T02:44:41.860Z In(05) vmx SVGAFeature renderer (before clamping) svga.baseCapsLevel num 11
2023-06-22T02:44:41.860Z In(05) vmx SVGAFeature renderer (before clamping) svga.maxPointSize num 0
2023-06-22T02:44:41.860Z In(05) vmx SVGAFeature renderer (before clamping) svga.maxTextureSize num 32768
2023-06-22T02:44:41.860Z In(05) vmx SVGAFeature renderer (before clamping) svga.maxVolumeExtent num 0
2023-06-22T02:44:41.860Z In(05) vmx SVGAFeature renderer (before clamping) svga.maxTextureAnisotropy num 0
2023-06-22T02:44:41.860Z In(05) vmx SVGAFeature renderer (before clamping) svga.lineStipple bool 0
2023-06-22T02:44:41.860Z In(05) vmx SVGAFeature renderer (before clamping) svga.dxMaxConstantBuffers num 0
2023-06-22T02:44:41.860Z In(05) vmx SVGAFeature renderer (before clamping) svga.dxProvokingVertex bool 0
2023-06-22T02:44:41.860Z In(05) vmx SVGAFeature renderer (before clamping) svga.sm41 bool 0
2023-06-22T02:44:41.860Z In(05) vmx SVGAFeature renderer (before clamping) svga.multisample2x bool 0
2023-06-22T02:44:41.860Z In(05) vmx SVGAFeature renderer (before clamping) svga.multisample4x bool 0
2023-06-22T02:44:41.860Z In(05) vmx SVGAFeature renderer (before clamping) svga.msFullQuality bool 0
2023-06-22T02:44:41.860Z In(05) vmx SVGAFeature renderer (before clamping) svga.logicOps bool 0
2023-06-22T02:44:41.860Z In(05) vmx SVGAFeature renderer (before clamping) svga.bc67 num 0
2023-06-22T02:44:41.860Z In(05) vmx SVGAFeature renderer (before clamping) svga.sm5 bool 0
2023-06-22T02:44:41.860Z In(05) vmx SVGAFeature renderer (before clamping) svga.multisample8x bool 0
2023-06-22T02:44:41.860Z In(05) vmx SVGAFeature renderer (before clamping) svga.logicBlendOps bool 0
2023-06-22T02:44:41.860Z In(05) vmx SVGAFeature renderer (before clamping) svga.maxForcedSampleCount num 0
2023-06-22T02:44:41.860Z In(05) vmx SVGAFeature renderer (before clamping) svga.gl43 bool 0
2023-06-22T02:44:41.860Z In(05) vmx SVGAFeature renderer (after  clamping) svga.supports3D bool 0
2023-06-22T02:44:41.860Z In(05) vmx SVGAFeature renderer (after  clamping) svga.baseCapsLevel num 0
2023-06-22T02:44:41.860Z In(05) vmx SVGAFeature renderer (after  clamping) svga.maxPointSize num 0
2023-06-22T02:44:41.860Z In(05) vmx SVGAFeature renderer (after  clamping) svga.maxTextureSize num 0
2023-06-22T02:44:41.860Z In(05) vmx SVGAFeature renderer (after  clamping) svga.maxVolumeExtent num 0
2023-06-22T02:44:41.860Z In(05) vmx SVGAFeature renderer (after  clamping) svga.maxTextureAnisotropy num 0
2023-06-22T02:44:41.860Z In(05) vmx SVGAFeature renderer (after  clamping) svga.lineStipple bool 0
2023-06-22T02:44:41.860Z In(05) vmx SVGAFeature renderer (after  clamping) svga.dxMaxConstantBuffers num 0
2023-06-22T02:44:41.860Z In(05) vmx SVGAFeature renderer (after  clamping) svga.dxProvokingVertex bool 0
2023-06-22T02:44:41.860Z In(05) vmx SVGAFeature renderer (after  clamping) svga.sm41 bool 0
2023-06-22T02:44:41.860Z In(05) vmx SVGAFeature renderer (after  clamping) svga.multisample2x bool 0
2023-06-22T02:44:41.860Z In(05) vmx SVGAFeature renderer (after  clamping) svga.multisample4x bool 0
2023-06-22T02:44:41.860Z In(05) vmx SVGAFeature renderer (after  clamping) svga.msFullQuality bool 0
2023-06-22T02:44:41.860Z In(05) vmx SVGAFeature renderer (after  clamping) svga.logicOps bool 0
2023-06-22T02:44:41.860Z In(05) vmx SVGAFeature renderer (after  clamping) svga.bc67 num 0
2023-06-22T02:44:41.860Z In(05) vmx SVGAFeature renderer (after  clamping) svga.sm5 bool 0
2023-06-22T02:44:41.860Z In(05) vmx SVGAFeature renderer (after  clamping) svga.multisample8x bool 0
2023-06-22T02:44:41.860Z In(05) vmx SVGAFeature renderer (after  clamping) svga.logicBlendOps bool 0
2023-06-22T02:44:41.860Z In(05) vmx SVGAFeature renderer (after  clamping) svga.maxForcedSampleCount num 0
2023-06-22T02:44:41.860Z In(05) vmx SVGAFeature renderer (after  clamping) svga.gl43 bool 0
2023-06-22T02:44:41.860Z In(05) vmx SVGA3dClamp: Renderer Provides     BC67Level:     0 (    0,     0)
2023-06-22T02:44:41.860Z In(05) vmx SVGA3dClamp: Renderer Provides BaseCapsLevel:     0 (    0,     0)
2023-06-22T02:44:41.860Z In(05) vmx SVGA3dClamp: Renderer Provides    ClampLevel:     0 (    0,     0)
2023-06-22T02:44:41.860Z In(05) vmx SVGA3dCaps: host, at power on (3d disabled)
2023-06-22T02:44:41.860Z In(05) vmx   cap[ 19]: 0x00002000 (MAX_TEXTURE_WIDTH)
2023-06-22T02:44:41.860Z In(05) vmx   cap[ 20]: 0x00002000 (MAX_TEXTURE_HEIGHT)
2023-06-22T02:44:41.860Z In(05) vmx   cap[ 93]: 0x00000001 (TS_COLOR_KEY)
2023-06-22T02:44:41.860Z In(05) vmx SVGA3dClamp:     Host Provides     BC67Level:     0 (    0,     0)
2023-06-22T02:44:41.860Z In(05) vmx SVGA3dClamp:     Host Provides BaseCapsLevel:     0 (    0,     4)
2023-06-22T02:44:41.860Z In(05) vmx SVGA3dClamp:     Host Provides    ClampLevel:     0 (    0,     0)
2023-06-22T02:44:41.861Z No(00) vmx ConfigDB: Setting ethernet0.generatedAddress = "00:0c:29:8b:6c:39"
2023-06-22T02:44:41.861Z No(00) vmx ConfigDB: Setting ethernet0.generatedAddressOffset = "0"
2023-06-22T02:44:41.861Z In(05) vmx Ethernet0 MAC Address: 00:0c:29:8b:6c:39
2023-06-22T02:44:41.864Z No(00) vmx ConfigDB: Setting vmci0.id = "1929905709"
2023-06-22T02:44:41.871Z In(05) vmx WORKER: Creating new group with maxThreads=1 (21)
2023-06-22T02:44:41.871Z In(05) vmx DISKUTIL: (null) : max toolsVersion = 0, type = 0
2023-06-22T02:44:41.871Z In(05) vmx DISKUTIL: Offline toolsVersion = 0, type = 0
2023-06-22T02:44:41.871Z In(05) vmx TOOLS setting legacy tools version to '0' type 0, manifest status is 9
2023-06-22T02:44:41.872Z In(05) vmx ToolsISO: open of C:\Program Files (x86)\VMware\VMware Player\isoimages_manifest.txt.sig failed: Could not find the file
2023-06-22T02:44:41.872Z In(05) vmx ToolsISO: Unable to read signature file 'C:\Program Files (x86)\VMware\VMware Player\isoimages_manifest.txt.sig', ignoring.
2023-06-22T02:44:41.872Z In(05) vmx ToolsISO: Guest 'other' not found in Tools image map file 'C:\Program Files (x86)\VMware\VMware Player\isoimages_manifest.txt'
2023-06-22T02:44:41.872Z In(05) vmx ToolsISO: Updated cached value for imageName to '(null)'.
2023-06-22T02:44:41.872Z In(05) vmx GuestOS: GuestOS_GetToolsImageName: Failed to get Tools ISO image path.
2023-06-22T02:44:41.872Z In(05) vmx TOOLS updated cached value for isoImageExists to 0.
2023-06-22T02:44:41.872Z In(05) vmx VMXVmdb_SetToolsVersionStatus: status value set to 'notAvailable', 'noTools', install impossible
2023-06-22T02:44:41.872Z In(05) vmx ToolsISO: open of C:\Program Files (x86)\VMware\VMware Player\isoimages_manifest.txt.sig failed: Could not find the file
2023-06-22T02:44:41.873Z In(05) vmx ToolsISO: Unable to read signature file 'C:\Program Files (x86)\VMware\VMware Player\isoimages_manifest.txt.sig', ignoring.
2023-06-22T02:44:41.873Z In(05) vmx ToolsISO: Guest 'other' not found in Tools image map file 'C:\Program Files (x86)\VMware\VMware Player\isoimages_manifest.txt'
2023-06-22T02:44:41.873Z In(05) vmx ToolsISO: Updated cached value for imageName to '(null)'.
2023-06-22T02:44:41.873Z In(05) vmx GuestOS: GuestOS_GetToolsImageName: Failed to get Tools ISO image path.
2023-06-22T02:44:41.873Z In(05) vmx TOOLS updated cached value for isoImageExists to 0.
2023-06-22T02:44:41.873Z In(05) vmx VMXVmdb_SetToolsVersionStatus: status value set to 'notAvailable', 'noTools', install impossible
2023-06-22T02:44:41.873Z In(05) vmx Tools: sending 'OS_Resume' (state = 4) state change request
2023-06-22T02:44:41.873Z In(05) vmx Tools: Delaying state change request to state 4.
2023-06-22T02:44:41.873Z In(05) vmx TOOLS INSTALL initializing state to IDLE on power on.
2023-06-22T02:44:41.873Z In(05) vmx TOOLS INSTALL updating Rpc handlers registration.
2023-06-22T02:44:41.873Z In(05) vmx TOOLS INSTALL register RPC: upgrader.setGuestFileRoot
2023-06-22T02:44:41.873Z In(05) vmx TOOLS INSTALL register RPC: toolinstall.is_image_inserted
2023-06-22T02:44:41.873Z In(05) vmx TOOLS INSTALL register RPC: toolinstall.installerActive
2023-06-22T02:44:41.873Z In(05) vmx TOOLS INSTALL register RPC: guest.upgrader_send_cmd_line_args
2023-06-22T02:44:41.874Z In(05) vmx P9FS_PowerOn: 9PFS server is not enabled.
2023-06-22T02:44:41.874Z In(05) vmx HgfsServerManagerVigorInit: Initialize: dev api
2023-06-22T02:44:41.874Z In(05) vmx MKSVMX: Copy/paste enabled = 1
2023-06-22T02:44:41.874Z In(05) vmx DEPLOYPKG: No pending deploy package name set
2023-06-22T02:44:41.874Z In(05) vmx DEPLOYPKG: ToolsDeployPkgPublishState: state=0, code=0, message=(null)
2023-06-22T02:44:41.875Z In(05) vmx CPT: Restoring checkpoint C:\Users\Will\Desktop\AerOS\Tools\VMWare\vmware_mach-cbe87dea.vmss
2023-06-22T02:44:41.875Z In(05) vmx DUMPER: Restoring checkpoint version 8.
2023-06-22T02:44:41.876Z In(05) vmx PStrIntern expansion: nBkts=256
2023-06-22T02:44:41.876Z In(05) vmx VM requirements not satisfied by host:
2023-06-22T02:44:41.876Z In(05) vmx VM Features Required: cpuid.clwb - Bool:Min:1
2023-06-22T02:44:41.876Z In(05) vmx VM Features Required: cpuid.sha - Bool:Min:1
2023-06-22T02:44:41.876Z In(05) vmx VM Features Required: cpuid.umip - Bool:Min:1
2023-06-22T02:44:41.876Z In(05) vmx VM Features Required: cpuid.rdpid - Bool:Min:1
2023-06-22T02:44:41.876Z In(05) vmx VM Features Required: cpuid.extapicspc - Bool:Min:1
2023-06-22T02:44:41.876Z In(05) vmx VM Features Required: cpuid.cr8avail - Bool:Min:1
2023-06-22T02:44:41.876Z In(05) vmx VM Features Required: cpuid.sse4a - Bool:Min:1
2023-06-22T02:44:41.876Z In(05) vmx VM Features Required: cpuid.misaligned_sse - Bool:Min:1
2023-06-22T02:44:41.876Z In(05) vmx VM Features Required: cpuid.mmxext - Bool:Min:1
2023-06-22T02:44:41.876Z In(05) vmx VM Features Required: cpuid.ffxsr - Bool:Min:1
2023-06-22T02:44:41.876Z In(05) vmx VM Features Required: cpuid.clzero - Bool:Min:1
2023-06-22T02:44:41.876Z In(05) vmx VM Features Required: cpuid.wbnoinvd - Bool:Min:1
2023-06-22T02:44:41.876Z In(05) vmx VM Features Required: cpuid.leaf88_prefer_ibrs - Bool:Min:1
2023-06-22T02:44:41.876Z In(05) vmx VM Features Required: cpuid.leaf88_ibrs_same_mode - Bool:Min:1
2023-06-22T02:44:41.876Z In(05) vmx VM Features Required: cpuid.leaf88_ssbd_spec_ctrl - Bool:Min:1
2023-06-22T02:44:41.876Z In(05) vmx VM Features Required: cpuid.amd - Bool:Min:1
2023-06-22T02:44:41.876Z In(05) vmx Msg_Question:
2023-06-22T02:44:41.876Z In(05) vmx [msg.checkpoint.cpucheck.fail.feature] The features supported by the processors in this machine are different from the features supported by the processors in the machine on which the virtual machine state was saved.
2023-06-22T02:44:41.876Z In(05) vmx [msg.checkpoint.cpucheck.fail.question] You may attempt to resume this virtual machine, but doing so may result in unpredictable behavior. Do you wish to resume this virtual machine?
2023-06-22T02:44:41.876Z In(05) vmx ----------------------------------------
2023-06-22T02:44:50.139Z In(05) vmx MsgQuestion: msg.checkpoint.cpucheck.fail.question reply=1
2023-06-22T02:44:50.140Z In(05) vmx Msg_Question:
2023-06-22T02:44:50.140Z In(05) vmx [msg.checkpoint.restore.cpufail] An error occurred while restoring the CPU state from file "C:\Users\Will\Desktop\AerOS\Tools\VMWare\vmware_mach-cbe87dea.vmss".
2023-06-22T02:44:50.140Z In(05) vmx [msg.checkpoint.resume.softError] Your virtual machine did not resume because of a correctable error. Preserve the suspended state and correct the error, or discard the suspended state.
2023-06-22T02:44:50.140Z In(05) vmx ----------------------------------------
2023-06-22T02:44:51.717Z In(05) vmx MsgQuestion: msg.checkpoint.resume.softError reply=1
2023-06-22T02:44:51.717Z In(05) vmx CPT: Deleting checkpoint state, 'C:\Users\Will\Desktop\AerOS\Tools\VMWare\vmware_mach-cbe87dea.vmss'.
2023-06-22T02:44:51.721Z In(05) vmx SNAPSHOT: SnapshotConfigInfoExpandVM: Unable to find 'vmware_mach-cbe87dea.vmss'.  Setting vmState to NULL.
2023-06-22T02:44:51.721Z No(00) vmx ConfigDB: Setting checkpoint.vmState = ""
2023-06-22T02:44:51.729Z In(05) vmx Module 'CheckpointLate' power on failed.
2023-06-22T02:44:51.729Z In(05) vmx VMX_PowerOn: ModuleTable_PowerOn = 0
2023-06-22T02:44:51.729Z In(05) vmx HgfsServerManagerVigorExit: Destroy:
2023-06-22T02:44:51.729Z In(05) vmx ToolsISO: open of C:\Program Files (x86)\VMware\VMware Player\isoimages_manifest.txt.sig failed: Could not find the file
2023-06-22T02:44:51.729Z In(05) vmx ToolsISO: Unable to read signature file 'C:\Program Files (x86)\VMware\VMware Player\isoimages_manifest.txt.sig', ignoring.
2023-06-22T02:44:51.730Z In(05) vmx ToolsISO: Guest 'other' not found in Tools image map file 'C:\Program Files (x86)\VMware\VMware Player\isoimages_manifest.txt'
2023-06-22T02:44:51.730Z In(05) vmx ToolsISO: Updated cached value for imageName to '(null)'.
2023-06-22T02:44:51.730Z In(05) vmx GuestOS: GuestOS_GetToolsImageName: Failed to get Tools ISO image path.
2023-06-22T02:44:51.730Z In(05) vmx TOOLS updated cached value for isoImageExists to 0.
2023-06-22T02:44:51.730Z In(05) vmx Tools: ToolsRunningStatus_Exit, delayedRequest is 0x24BA2DBCF60
2023-06-22T02:44:51.730Z In(05) svga SVGA thread is exiting the main loop
2023-06-22T02:44:51.733Z In(05) vmx SOUNDLIB: Closing Wave sound backend.
2023-06-22T02:44:51.733Z In(05) vmx MKSThread: Requesting MKS exit
2023-06-22T02:44:51.733Z In(05) vmx Stopping MKS/SVGA threads
2023-06-22T02:44:51.733Z In(05) vmx MKS/SVGA threads are stopped
2023-06-22T02:44:51.734Z In(05) mks MKS-RenderMain: Stopped MKSBasicOps
2023-06-22T02:44:51.736Z In(05) mks MKS PowerOff
2023-06-22T02:44:51.736Z In(05) mks MKS thread is exiting
2023-06-22T02:44:51.736Z In(05) svga SVGA thread is exiting
2023-06-22T02:44:51.736Z Wa(03) vmx 
2023-06-22T02:44:51.736Z In(05) vmx ide1:1: numIOs = 1 numMergedIOs = 0 numSplitIOs = 0 ( 0.0%)
2023-06-22T02:44:51.736Z In(05) vmx Closing disk 'ide1:1'
2023-06-22T02:44:51.739Z In(05) vmx AIOWIN32C: asyncOps=1 syncOps=7 bufSize=0Kb fixedOps=0
2023-06-22T02:44:51.739Z In(05) aioCompletion AIO thread processed 1 completions
2023-06-22T02:44:51.739Z In(05) deviceThread Device thread is exiting
2023-06-22T02:44:51.739Z In(05) vmx Vix: [mainDispatch.c:1171]: VMAutomationPowerOff: Powering off.
2023-06-22T02:44:51.740Z In(05) vmx Win32U_GetFileAttributes: GetFileAttributesExW("C:\Users\Will\Desktop\AerOS\Tools\VMWare\vmware_mach.vmpl", ...) failed, error: 2
2023-06-22T02:44:51.740Z In(05) vmx Policy_SavePolicyFile: invalid arguments to function.
2023-06-22T02:44:51.740Z In(05) vmx PolicyVMX_Exit: Could not write out policies: 15.
2023-06-22T02:44:51.740Z In(05) vmx WORKER: asyncOps=1 maxActiveOps=1 maxPending=1 maxCompleted=0
2023-06-22T02:44:51.740Z In(05) PowerNotifyThread PowerNotify thread exiting.
2023-06-22T02:44:51.745Z In(05) vmx Vix: [mainDispatch.c:4213]: VMAutomation_ReportPowerOpFinished: statevar=1, newAppState=1873, success=1 additionalError=0
2023-06-22T02:44:51.745Z In(05) vmx VMXSTATS: Ready to cleanup and munmap 24BA1A00000.
2023-06-22T02:44:51.746Z In(05) vmx 
2023-06-22T02:44:51.746Z In(05)+ vmx Power on failure messages: Failed to start the virtual machine.
2023-06-22T02:44:51.746Z In(05)+ vmx 
2023-06-22T02:44:51.746Z In(05) vmx Vix: [mainDispatch.c:4213]: VMAutomation_ReportPowerOpFinished: statevar=0, newAppState=1870, success=1 additionalError=0
2023-06-22T02:44:51.746Z In(05) vmx Transitioned vmx/execState/val to poweredOff
2023-06-22T02:44:51.746Z In(05) vmx Vix: [mainDispatch.c:4213]: VMAutomation_ReportPowerOpFinished: statevar=0, newAppState=1870, success=0 additionalError=0
2023-06-22T02:44:51.747Z In(05) vmx Vix: [mainDispatch.c:4251]: Error VIX_E_FAIL in VMAutomation_ReportPowerOpFinished(): Unknown error
2023-06-22T02:44:51.748Z In(05) vmx Vix: [mainDispatch.c:4213]: VMAutomation_ReportPowerOpFinished: statevar=0, newAppState=1870, success=1 additionalError=0
2023-06-22T02:44:51.748Z In(05) vmx Transitioned vmx/execState/val to poweredOff
2023-06-22T02:44:51.749Z In(05) vmx WQPoolFreePoll : pollIx = 3, signalHandle = 880
2023-06-22T02:44:51.749Z In(05) vmx Vix: [mainDispatch.c:817]: VMAutomation_LateShutdown()
2023-06-22T02:44:51.749Z In(05) vmx Vix: [mainDispatch.c:772]: VMAutomationCloseListenerSocket. Closing listener socket.
2023-06-22T02:44:51.749Z In(05) vmx Flushing VMX VMDB connections
2023-06-22T02:44:51.750Z In(05) vmx VmdbDbRemoveCnx: Removing Cnx from Db for '/db/connection/#1/'
2023-06-22T02:44:51.750Z In(05) vmx VmdbCnxDisconnect: Disconnect: closed pipe for pub cnx '/db/connection/#1/' (0)
2023-06-22T02:44:51.750Z In(05) vmx VigorTransport_ServerDestroy: server destroyed.
2023-06-22T02:44:51.750Z In(05) vmx WQPoolFreePoll : pollIx = 2, signalHandle = 812
2023-06-22T02:44:51.750Z In(05) vmx WQPoolFreePoll : pollIx = 1, signalHandle = 804
2023-06-22T02:44:51.752Z In(05) vmx VMX exit (0).
2023-06-22T02:44:51.752Z In(05) vmx OBJLIB-LIB: ObjLib cleanup done.
2023-06-22T02:44:51.752Z In(05) vmx AIOMGR-S : stat o=5 r=33 w=0 i=0 br=177644 bw=0
